  Car.cpp
  Game.cpp
  Lane.cpp
  main.cpp
  pch.cpp
  PlayerCar.cpp
  UIManager.cpp
  CarRaceGame.vcxproj -> D:\GitHub\CarRaceGame\CarRaceGame_V2.0\x64\Debug\MidnightMotorist.exe
  D:\GitHub\CarRaceGame\CarRaceGame_V2.0\Libraries\SDLMain\SDL2-2.30.11\lib\x64\SDL2.dll
  1 File(s) copied
  D:\GitHub\CarRaceGame\CarRaceGame_V2.0\Libraries\SDLImage\SDL2_image-2.8.4\lib\x64\SDL2_image.dll
  1 File(s) copied
  D:\GitHub\CarRaceGame\CarRaceGame_V2.0\Libraries\SDLMixer\SDL2_mixer-2.8.0\lib\x64\SDL2_mixer.dll
  1 File(s) copied
  D:\GitHub\CarRaceGame\CarRaceGame_V2.0\Libraries\SDLTtf\SDL2_ttf-2.24.0\lib\x64\SDL2_ttf.dll
  1 File(s) copied
  D:\GitHub\CarRaceGame\CarRaceGame_V2.0\Resources\game over.ttf
  D:\GitHub\CarRaceGame\CarRaceGame_V2.0\Resources\Seedymoteldemo-LZl4.otf
  D:\GitHub\CarRaceGame\CarRaceGame_V2.0\Resources\Transcity DEMO.otf
  3 File(s) copied
